#########################################################################
Id. usuario del trabajo: c1estudiante27
Id. del trabajo: 8428
Nombre del trabajo especificado por usuario: helloomp
Directorio de trabajo (en el que se ejecuta el script): /home/c1estudiante27/prac0/ejer4
Cola: ac
Host de envío del trabajo: atcgrid
Nº de nodos asignados al trabajo: 1
Nodos asignados al trabajo: atcgrid2
CPUs por nodo: 24
#########################################################################
Nº de threads inicial: 12
Directorio de trabajo: /home/c1estudiante27/prac0/ejer4

1.Para 12 threads:
/var/spool/slurmd/job08428/slurm_script: línea 33: /home/c1estudiante27/prac0/ejer4/HelloOMP: No existe el fichero o el directorio

1.Para 6 threads:
/var/spool/slurmd/job08428/slurm_script: línea 33: /home/c1estudiante27/prac0/ejer4/HelloOMP: No existe el fichero o el directorio

1.Para 3 threads:
/var/spool/slurmd/job08428/slurm_script: línea 33: /home/c1estudiante27/prac0/ejer4/HelloOMP: No existe el fichero o el directorio

1.Para 1 threads:
/var/spool/slurmd/job08428/slurm_script: línea 33: /home/c1estudiante27/prac0/ejer4/HelloOMP: No existe el fichero o el directorio
